{"uid":"4b4757e66a1912dae1a509f688f20b0f","name":"categories","children":[{"name":"Test defects","children":[{"name":"Exception: 登录出现异常了","children":[{"name":"test_login","uid":"2a4f5f8d3c6da5d2","parentUid":"67138a6c923161029af713fa0b45927d","status":"broken","time":{"start":1742904410117,"stop":1742904410118,"duration":1},"flaky":false,"newFailed":false,"newPassed":false,"newBroken":false,"retriesCount":0,"retriesStatusChange":false,"parameters":[],"tags":[]}],"uid":"67138a6c923161029af713fa0b45927d"},{"name":"selenium.common.exceptions.NoSuchElementException: Message: no such element: Unable to locate element: {\"method\":\"xpath\",\"selector\":\"//*[@id=\"app\"]/div/div/div/div[2]/div[1]/form/div[3]/div/button/span/span1\"}\n  (Session info: chrome=134.0.6998.89); For documentation on this error, please visit: https://www.selenium.dev/documentation/webdriver/troubleshooting/errors#no-such-element-exception\nStacktrace:\n0   chromedriver                        0x0000000102f0d804 cxxbridge1$str$ptr + 2785964\n1   chromedriver                        0x0000000102f05ddc cxxbridge1$str$ptr + 2754692\n2   chromedriver                        0x0000000102a59ea8 cxxbridge1$string$len + 92928\n3   chromedriver                        0x0000000102aa11d0 cxxbridge1$string$len + 384552\n4   chromedriver                        0x0000000102ae2678 cxxbridge1$string$len + 651984\n5   chromedriver                        0x0000000102a9535c cxxbridge1$string$len + 335796\n6   chromedriver                        0x0000000102ed2cd4 cxxbridge1$str$ptr + 2545532\n7   chromedriver                        0x0000000102ed5fa0 cxxbridge1$str$ptr + 2558536\n8   chromedriver                        0x0000000102eb2d04 cxxbridge1$str$ptr + 2414508\n9   chromedriver                        0x0000000102ed6800 cxxbridge1$str$ptr + 2560680\n10  chromedriver                        0x0000000102ea3ba0 cxxbridge1$str$ptr + 2352712\n11  chromedriver                        0x0000000102ef645c cxxbridge1$str$ptr + 2690820\n12  chromedriver                        0x0000000102ef65e4 cxxbridge1$str$ptr + 2691212\n13  chromedriver                        0x0000000102f05a50 cxxbridge1$str$ptr + 2753784\n14  libsystem_pthread.dylib             0x000000018a8642e4 _pthread_start + 136\n15  libsystem_pthread.dylib             0x000000018a85f0fc thread_start + 8","children":[{"name":"测试用例名：正确-账号密码-登陆","uid":"b53f073d75545b9a","parentUid":"df8a0f3469ea36dff443a2ef20bf7ed2","status":"broken","time":{"start":1742904410131,"stop":1742904421340,"duration":11209},"flaky":false,"newFailed":false,"newPassed":false,"newBroken":false,"retriesCount":0,"retriesStatusChange":false,"parameters":[],"tags":[]}],"uid":"df8a0f3469ea36dff443a2ef20bf7ed2"}],"uid":"bdbf199525818fae7a8651db9eafe741"}]}